2021-09-06 15:19:35.501  INFO 20244 --- [main] BatchDatawarehouseLoaderApplicationTests : Starting BatchDatawarehouseLoaderApplicationTests on GFI503200 with PID 20244 (started by frup44328 in C:\Users\frup44328\eclipse-workspace\BatchDatawarehouseLoader-pifas)
2021-09-06 15:19:35.503  INFO 20244 --- [main] BatchDatawarehouseLoaderApplicationTests : The following profiles are active: test
2021-09-06 15:19:36.151  INFO 20244 --- [main] .s.d.r.c.RepositoryConfigurationDelegate : Bootstrapping Spring Data JDBC repositories in DEFAULT mode.
2021-09-06 15:19:36.239  INFO 20244 --- [main] .s.d.r.c.RepositoryConfigurationDelegate : Finished Spring Data repository scanning in 79ms. Found 5 JDBC repository interfaces.
2021-09-06 15:19:37.085  INFO 20244 --- [main] trationDelegate$BeanPostProcessorChecker : Bean 'org.springframework.transaction.annotation.ProxyTransactionManagementConfiguration' of type [org.springframework.transaction.annotation.ProxyTransactionManagementConfiguration] is not eligible for getting processed by all BeanPostProcessors (for example: not eligible for auto-proxying)
2021-09-06 15:19:37.265  INFO 20244 --- [main] com.zaxxer.hikari.HikariDataSource       : datawarehouse-db - Starting...
2021-09-06 15:19:37.637  INFO 20244 --- [main] com.zaxxer.hikari.HikariDataSource       : datawarehouse-db - Start completed.
2021-09-06 15:19:37.854  INFO 20244 --- [main] o.s.b.c.r.s.JobRepositoryFactoryBean     : No database type set, using meta data indicating: H2
2021-09-06 15:19:37.905  INFO 20244 --- [main] com.gkemayo.batch.reader.BatchReader     : Batch reader starting to read input data in repository : ../../datawarehouse-reports-repository
2021-09-06 15:19:37.907  INFO 20244 --- [main] com.gkemayo.batch.reader.BatchReader     : Reading file : C:\Users\frup44328\eclipse-workspace\BatchDatawarehouseLoader-pifas\..\..\datawarehouse-reports-repository\fichier1.csv
2021-09-06 15:19:37.908  INFO 20244 --- [main] com.gkemayo.batch.reader.BatchReader     : Reading file : C:\Users\frup44328\eclipse-workspace\BatchDatawarehouseLoader-pifas\..\..\datawarehouse-reports-repository\fichier2.csv
2021-09-06 15:19:37.909  INFO 20244 --- [main] com.gkemayo.batch.reader.BatchReader     : Reading file : C:\Users\frup44328\eclipse-workspace\BatchDatawarehouseLoader-pifas\..\..\datawarehouse-reports-repository\fichier3.csv
2021-09-06 15:19:39.319  INFO 20244 --- [main] o.s.s.concurrent.ThreadPoolTaskExecutor  : Initializing ExecutorService 'applicationTaskExecutor'
2021-09-06 15:19:39.758  INFO 20244 --- [main] o.s.b.c.r.s.JobRepositoryFactoryBean     : No database type set, using meta data indicating: H2
2021-09-06 15:19:39.760  INFO 20244 --- [main] o.s.b.c.l.support.SimpleJobLauncher      : No TaskExecutor has been set, defaulting to synchronous executor.
2021-09-06 15:19:39.883  INFO 20244 --- [main] o.s.b.a.h2.H2ConsoleAutoConfiguration    : H2 console available at '/h2-console'. Database available at 'jdbc:h2:file:./src/main/resources/database/datawarehouse-db'
2021-09-06 15:19:40.010  INFO 20244 --- [main] BatchDatawarehouseLoaderApplicationTests : Started BatchDatawarehouseLoaderApplicationTests in 5.1 seconds (JVM running for 6.668)
2021-09-06 15:19:40.012  INFO 20244 --- [main] o.s.b.a.b.JobLauncherCommandLineRunner   : Running default command line with: []
2021-09-06 15:19:40.125  INFO 20244 --- [main] o.s.b.c.l.support.SimpleJobLauncher      : Job: [FlowJob: [name=jobDatawarehouseLoader]] launched with the following parameters: [{run.id=1}]
2021-09-06 15:19:40.174  INFO 20244 --- [main] c.g.batch.batchutils.BatchJobListener    : Begining of job  jobDatawarehouseLoader at Mon Sep 06 15:19:40 CEST 2021
2021-09-06 15:19:40.184  INFO 20244 --- [main] o.s.batch.core.job.SimpleStepHandler     : Executing step: [stepDatawarehouseLoader]
2021-09-06 15:19:40.337  INFO 20244 --- [main] c.g.batch.batchutils.BatchStepSkipper    : 3: XXXXXXXXXXXXXXXXXXXXXXXXXXXXXXX -- Parsing error at line: 3 in resource=[file [C:\Users\frup44328\eclipse-workspace\BatchDatawarehouseLoader-pifas\..\..\datawarehouse-reports-repository\fichier1.csv]], input=[XXXXXXXXXXXXXXXXXXXXXXXXXXXXXXX]
2021-09-06 15:19:40.338  INFO 20244 --- [main] c.g.batch.batchutils.BatchStepSkipper    : 4: YYYYYYYYYYYYYYYYYYYYYY -- Parsing error at line: 4 in resource=[file [C:\Users\frup44328\eclipse-workspace\BatchDatawarehouseLoader-pifas\..\..\datawarehouse-reports-repository\fichier1.csv]], input=[YYYYYYYYYYYYYYYYYYYYYY]
2021-09-06 15:19:40.372  INFO 20244 --- [main] o.s.batch.core.step.AbstractStep         : Step: [stepDatawarehouseLoader] executed in 187ms
2021-09-06 15:19:40.375  INFO 20244 --- [main] c.g.batch.batchutils.BatchJobListener    : End of job  jobDatawarehouseLoader at Mon Sep 06 15:19:40 CEST 2021 with status COMPLETED
2021-09-06 15:19:40.377  INFO 20244 --- [main] o.s.b.c.l.support.SimpleJobLauncher      : Job: [FlowJob: [name=jobDatawarehouseLoader]] completed with the following parameters: [{run.id=1}] and the following status: [COMPLETED] in 207ms
2021-09-06 15:19:40.725  INFO 20244 --- [main] o.s.b.c.l.support.SimpleJobLauncher      : Job: [FlowJob: [name=jobDatawarehouseLoader]] launched with the following parameters: [{random=384367}]
2021-09-06 15:19:40.729  INFO 20244 --- [main] c.g.batch.batchutils.BatchJobListener    : Begining of job  jobDatawarehouseLoader at Mon Sep 06 15:19:40 CEST 2021
2021-09-06 15:19:40.735  INFO 20244 --- [main] o.s.batch.core.job.SimpleStepHandler     : Executing step: [stepDatawarehouseLoader]
2021-09-06 15:19:40.744  INFO 20244 --- [main] c.g.batch.batchutils.BatchStepSkipper    : 3: XXXXXXXXXXXXXXXXXXXXXXXXXXXXXXX -- Parsing error at line: 3 in resource=[file [C:\Users\frup44328\eclipse-workspace\BatchDatawarehouseLoader-pifas\..\..\datawarehouse-reports-repository\fichier1.csv]], input=[XXXXXXXXXXXXXXXXXXXXXXXXXXXXXXX]
2021-09-06 15:19:40.745  INFO 20244 --- [main] c.g.batch.batchutils.BatchStepSkipper    : 4: YYYYYYYYYYYYYYYYYYYYYY -- Parsing error at line: 4 in resource=[file [C:\Users\frup44328\eclipse-workspace\BatchDatawarehouseLoader-pifas\..\..\datawarehouse-reports-repository\fichier1.csv]], input=[YYYYYYYYYYYYYYYYYYYYYY]
2021-09-06 15:19:40.760  INFO 20244 --- [main] o.s.batch.core.step.AbstractStep         : Step: [stepDatawarehouseLoader] executed in 25ms
2021-09-06 15:19:40.762  INFO 20244 --- [main] c.g.batch.batchutils.BatchJobListener    : End of job  jobDatawarehouseLoader at Mon Sep 06 15:19:40 CEST 2021 with status COMPLETED
2021-09-06 15:19:40.764  INFO 20244 --- [main] o.s.b.c.l.support.SimpleJobLauncher      : Job: [FlowJob: [name=jobDatawarehouseLoader]] completed with the following parameters: [{random=384367}] and the following status: [COMPLETED] in 34ms
2021-09-06 15:19:40.792  INFO 20244 --- [SpringContextShutdownHook] o.s.s.concurrent.ThreadPoolTaskExecutor  : Shutting down ExecutorService 'applicationTaskExecutor'
2021-09-06 15:19:40.797  INFO 20244 --- [SpringContextShutdownHook] com.zaxxer.hikari.HikariDataSource       : datawarehouse-db - Shutdown initiated...
2021-09-06 15:19:40.811  INFO 20244 --- [SpringContextShutdownHook] com.zaxxer.hikari.HikariDataSource       : datawarehouse-db - Shutdown completed.
